D:\VISUAL STUDIO 2012\PROJECTS\CCPC\U CALCULATE E\U CALCULATE E\DEBUG\DEMO.OBJ
D:\VISUAL STUDIO 2012\PROJECTS\CCPC\U CALCULATE E\U CALCULATE E\DEBUG\VC110.PDB
D:\VISUAL STUDIO 2012\PROJECTS\CCPC\U CALCULATE E\DEBUG\U CALCULATE E.ILK
D:\VISUAL STUDIO 2012\PROJECTS\CCPC\U CALCULATE E\DEBUG\U CALCULATE E.EXE
D:\VISUAL STUDIO 2012\PROJECTS\CCPC\U CALCULATE E\DEBUG\U CALCULATE E.PDB
D:\Visual Studio 2012\Projects\ccpc\u Calculate e\u Calculate e\Debug\demo.obj
D:\Visual Studio 2012\Projects\ccpc\u Calculate e\u Calculate e\Debug\cl.command.1.tlog
D:\Visual Studio 2012\Projects\ccpc\u Calculate e\u Calculate e\Debug\CL.read.1.tlog
D:\Visual Studio 2012\Projects\ccpc\u Calculate e\u Calculate e\Debug\CL.write.1.tlog
D:\Visual Studio 2012\Projects\ccpc\u Calculate e\u Calculate e\Debug\link-cvtres.read.1.tlog
D:\Visual Studio 2012\Projects\ccpc\u Calculate e\u Calculate e\Debug\link-cvtres.write.1.tlog
D:\Visual Studio 2012\Projects\ccpc\u Calculate e\u Calculate e\Debug\link-rc.read.1.tlog
D:\Visual Studio 2012\Projects\ccpc\u Calculate e\u Calculate e\Debug\link-rc.write.1.tlog
D:\Visual Studio 2012\Projects\ccpc\u Calculate e\u Calculate e\Debug\link.command.1.tlog
D:\Visual Studio 2012\Projects\ccpc\u Calculate e\u Calculate e\Debug\link.read.1.tlog
D:\Visual Studio 2012\Projects\ccpc\u Calculate e\u Calculate e\Debug\link.write.1.tlog
D:\Visual Studio 2012\Projects\ccpc\u Calculate e\u Calculate e\Debug\vc110.idb
D:\Visual Studio 2012\Projects\ccpc\u Calculate e\u Calculate e\Debug\vc110.pdb
D:\Visual Studio 2012\Projects\ccpc\u Calculate e\Debug\u Calculate e.pdb
D:\Visual Studio 2012\Projects\ccpc\u Calculate e\Debug\u Calculate e.exe
D:\Visual Studio 2012\Projects\ccpc\u Calculate e\Debug\u Calculate e.ilk
