D:\VISUAL STUDIO 2012\PROJECTS\CCPC\FATMOUSE' TRADE\DEBUG\DEMO.OBJ
D:\VISUAL STUDIO 2012\PROJECTS\CCPC\FATMOUSE' TRADE\DEBUG\VC110.PDB
D:\VISUAL STUDIO 2012\PROJECTS\CCPC\DEBUG\FATMOUSE' TRADE.ILK
D:\VISUAL STUDIO 2012\PROJECTS\CCPC\DEBUG\FATMOUSE' TRADE.EXE
D:\VISUAL STUDIO 2012\PROJECTS\CCPC\DEBUG\FATMOUSE' TRADE.PDB
D:\Visual Studio 2012\Projects\ccpc\FatMouse' Trade\Debug\demo.obj
D:\Visual Studio 2012\Projects\ccpc\FatMouse' Trade\Debug\cl.command.1.tlog
D:\Visual Studio 2012\Projects\ccpc\FatMouse' Trade\Debug\CL.read.1.tlog
D:\Visual Studio 2012\Projects\ccpc\FatMouse' Trade\Debug\CL.write.1.tlog
D:\Visual Studio 2012\Projects\ccpc\FatMouse' Trade\Debug\link-cvtres.read.1.tlog
D:\Visual Studio 2012\Projects\ccpc\FatMouse' Trade\Debug\link-cvtres.write.1.tlog
D:\Visual Studio 2012\Projects\ccpc\FatMouse' Trade\Debug\link-rc.read.1.tlog
D:\Visual Studio 2012\Projects\ccpc\FatMouse' Trade\Debug\link-rc.write.1.tlog
D:\Visual Studio 2012\Projects\ccpc\FatMouse' Trade\Debug\link.command.1.tlog
D:\Visual Studio 2012\Projects\ccpc\FatMouse' Trade\Debug\link.read.1.tlog
D:\Visual Studio 2012\Projects\ccpc\FatMouse' Trade\Debug\link.write.1.tlog
D:\Visual Studio 2012\Projects\ccpc\FatMouse' Trade\Debug\vc110.idb
D:\Visual Studio 2012\Projects\ccpc\FatMouse' Trade\Debug\vc110.pdb
D:\Visual Studio 2012\Projects\ccpc\Debug\FatMouse' Trade.pdb
D:\Visual Studio 2012\Projects\ccpc\Debug\FatMouse' Trade.exe
D:\Visual Studio 2012\Projects\ccpc\Debug\FatMouse' Trade.ilk
