D:\VISUAL STUDIO 2012\PROJECTS\CCPC\LET THE BALLOON RISE\DEBUG\DEMO.OBJ
D:\VISUAL STUDIO 2012\PROJECTS\CCPC\LET THE BALLOON RISE\DEBUG\VC110.PDB
D:\VISUAL STUDIO 2012\PROJECTS\CCPC\DEBUG\LET THE BALLOON RISE.ILK
D:\VISUAL STUDIO 2012\PROJECTS\CCPC\DEBUG\LET THE BALLOON RISE.EXE
D:\VISUAL STUDIO 2012\PROJECTS\CCPC\DEBUG\LET THE BALLOON RISE.PDB
D:\Visual Studio 2012\Projects\ccpc\Let the Balloon Rise\Debug\demo.obj
D:\Visual Studio 2012\Projects\ccpc\Let the Balloon Rise\Debug\cl.command.1.tlog
D:\Visual Studio 2012\Projects\ccpc\Let the Balloon Rise\Debug\CL.read.1.tlog
D:\Visual Studio 2012\Projects\ccpc\Let the Balloon Rise\Debug\CL.write.1.tlog
D:\Visual Studio 2012\Projects\ccpc\Let the Balloon Rise\Debug\link-cvtres.read.1.tlog
D:\Visual Studio 2012\Projects\ccpc\Let the Balloon Rise\Debug\link-cvtres.write.1.tlog
D:\Visual Studio 2012\Projects\ccpc\Let the Balloon Rise\Debug\link-rc.read.1.tlog
D:\Visual Studio 2012\Projects\ccpc\Let the Balloon Rise\Debug\link-rc.write.1.tlog
D:\Visual Studio 2012\Projects\ccpc\Let the Balloon Rise\Debug\link.command.1.tlog
D:\Visual Studio 2012\Projects\ccpc\Let the Balloon Rise\Debug\link.read.1.tlog
D:\Visual Studio 2012\Projects\ccpc\Let the Balloon Rise\Debug\link.write.1.tlog
D:\Visual Studio 2012\Projects\ccpc\Let the Balloon Rise\Debug\vc110.idb
D:\Visual Studio 2012\Projects\ccpc\Let the Balloon Rise\Debug\vc110.pdb
D:\Visual Studio 2012\Projects\ccpc\Debug\Let the Balloon Rise.pdb
D:\Visual Studio 2012\Projects\ccpc\Debug\Let the Balloon Rise.exe
D:\Visual Studio 2012\Projects\ccpc\Debug\Let the Balloon Rise.ilk
