D:\VISUAL STUDIO 2012\PROJECTS\CCPC\MAX SUM\DEBUG\DEMO.OBJ
D:\VISUAL STUDIO 2012\PROJECTS\CCPC\MAX SUM\DEBUG\VC110.PDB
D:\VISUAL STUDIO 2012\PROJECTS\CCPC\DEBUG\MAX SUM.ILK
D:\VISUAL STUDIO 2012\PROJECTS\CCPC\DEBUG\MAX SUM.EXE
D:\VISUAL STUDIO 2012\PROJECTS\CCPC\DEBUG\MAX SUM.PDB
D:\Visual Studio 2012\Projects\ccpc\Max Sum\Debug\demo.obj
D:\Visual Studio 2012\Projects\ccpc\Max Sum\Debug\cl.command.1.tlog
D:\Visual Studio 2012\Projects\ccpc\Max Sum\Debug\CL.read.1.tlog
D:\Visual Studio 2012\Projects\ccpc\Max Sum\Debug\CL.write.1.tlog
D:\Visual Studio 2012\Projects\ccpc\Max Sum\Debug\link-cvtres.read.1.tlog
D:\Visual Studio 2012\Projects\ccpc\Max Sum\Debug\link-cvtres.write.1.tlog
D:\Visual Studio 2012\Projects\ccpc\Max Sum\Debug\link-rc.read.1.tlog
D:\Visual Studio 2012\Projects\ccpc\Max Sum\Debug\link-rc.write.1.tlog
D:\Visual Studio 2012\Projects\ccpc\Max Sum\Debug\link.command.1.tlog
D:\Visual Studio 2012\Projects\ccpc\Max Sum\Debug\link.read.1.tlog
D:\Visual Studio 2012\Projects\ccpc\Max Sum\Debug\link.write.1.tlog
D:\Visual Studio 2012\Projects\ccpc\Max Sum\Debug\vc110.idb
D:\Visual Studio 2012\Projects\ccpc\Max Sum\Debug\vc110.pdb
D:\Visual Studio 2012\Projects\ccpc\Debug\Max Sum.pdb
D:\Visual Studio 2012\Projects\ccpc\Debug\Max Sum.exe
D:\Visual Studio 2012\Projects\ccpc\Debug\Max Sum.ilk
